MSBuild version 17.8.3+195e7f5a3 for .NET
  Determining projects to restore...
  All projects are up-to-date for restore.
C:\laragon\www\jamakol-desktop-app\JamakolAstrology\JamakolAstrology\MainWindow.xaml.cs(56,9): error CS0103: The name 'JamakolDateInput' does not exist in the current context [C:\laragon\www\jamakol-desktop-app\JamakolAstrology\JamakolAstrology\JamakolAstrology_mibz3jnt_wpftmp.csproj]
C:\laragon\www\jamakol-desktop-app\JamakolAstrology\JamakolAstrology\MainWindow.xaml.cs(57,9): error CS0103: The name 'JamakolTimeInput' does not exist in the current context [C:\laragon\www\jamakol-desktop-app\JamakolAstrology\JamakolAstrology\JamakolAstrology_mibz3jnt_wpftmp.csproj]
C:\laragon\www\jamakol-desktop-app\JamakolAstrology\JamakolAstrology\MainWindow.xaml.cs(249,13): error CS0103: The name 'JamakolStatusText' does not exist in the current context [C:\laragon\www\jamakol-desktop-app\JamakolAstrology\JamakolAstrology\JamakolAstrology_mibz3jnt_wpftmp.csproj]
C:\laragon\www\jamakol-desktop-app\JamakolAstrology\JamakolAstrology\MainWindow.xaml.cs(261,13): error CS0103: The name 'JamakolDateInput' does not exist in the current context [C:\laragon\www\jamakol-desktop-app\JamakolAstrology\JamakolAstrology\JamakolAstrology_mibz3jnt_wpftmp.csproj]
C:\laragon\www\jamakol-desktop-app\JamakolAstrology\JamakolAstrology\MainWindow.xaml.cs(262,13): error CS0103: The name 'JamakolTimeInput' does not exist in the current context [C:\laragon\www\jamakol-desktop-app\JamakolAstrology\JamakolAstrology\JamakolAstrology_mibz3jnt_wpftmp.csproj]
C:\laragon\www\jamakol-desktop-app\JamakolAstrology\JamakolAstrology\MainWindow.xaml.cs(269,13): error CS0103: The name 'JamakolStatusText' does not exist in the current context [C:\laragon\www\jamakol-desktop-app\JamakolAstrology\JamakolAstrology\JamakolAstrology_mibz3jnt_wpftmp.csproj]
C:\laragon\www\jamakol-desktop-app\JamakolAstrology\JamakolAstrology\MainWindow.xaml.cs(286,13): error CS0103: The name 'JamakolStartStopButton' does not exist in the current context [C:\laragon\www\jamakol-desktop-app\JamakolAstrology\JamakolAstrology\JamakolAstrology_mibz3jnt_wpftmp.csproj]
C:\laragon\www\jamakol-desktop-app\JamakolAstrology\JamakolAstrology\MainWindow.xaml.cs(287,13): error CS0103: The name 'JamakolStartStopButton' does not exist in the current context [C:\laragon\www\jamakol-desktop-app\JamakolAstrology\JamakolAstrology\JamakolAstrology_mibz3jnt_wpftmp.csproj]
C:\laragon\www\jamakol-desktop-app\JamakolAstrology\JamakolAstrology\MainWindow.xaml.cs(297,13): error CS0103: The name 'JamakolStartStopButton' does not exist in the current context [C:\laragon\www\jamakol-desktop-app\JamakolAstrology\JamakolAstrology\JamakolAstrology_mibz3jnt_wpftmp.csproj]
C:\laragon\www\jamakol-desktop-app\JamakolAstrology\JamakolAstrology\MainWindow.xaml.cs(298,13): error CS0103: The name 'JamakolStartStopButton' does not exist in the current context [C:\laragon\www\jamakol-desktop-app\JamakolAstrology\JamakolAstrology\JamakolAstrology_mibz3jnt_wpftmp.csproj]
C:\laragon\www\jamakol-desktop-app\JamakolAstrology\JamakolAstrology\MainWindow.xaml.cs(308,13): error CS0103: The name 'JamakolDateInput' does not exist in the current context [C:\laragon\www\jamakol-desktop-app\JamakolAstrology\JamakolAstrology\JamakolAstrology_mibz3jnt_wpftmp.csproj]
C:\laragon\www\jamakol-desktop-app\JamakolAstrology\JamakolAstrology\MainWindow.xaml.cs(309,13): error CS0103: The name 'JamakolTimeInput' does not exist in the current context [C:\laragon\www\jamakol-desktop-app\JamakolAstrology\JamakolAstrology\JamakolAstrology_mibz3jnt_wpftmp.csproj]
C:\laragon\www\jamakol-desktop-app\JamakolAstrology\JamakolAstrology\MainWindow.xaml.cs(321,27): error CS0103: The name 'JamakolDateInput' does not exist in the current context [C:\laragon\www\jamakol-desktop-app\JamakolAstrology\JamakolAstrology\JamakolAstrology_mibz3jnt_wpftmp.csproj]
C:\laragon\www\jamakol-desktop-app\JamakolAstrology\JamakolAstrology\MainWindow.xaml.cs(322,32): error CS0103: The name 'JamakolTimeInput' does not exist in the current context [C:\laragon\www\jamakol-desktop-app\JamakolAstrology\JamakolAstrology\JamakolAstrology_mibz3jnt_wpftmp.csproj]
C:\laragon\www\jamakol-desktop-app\JamakolAstrology\JamakolAstrology\MainWindow.xaml.cs(323,37): error CS1061: 'int' does not contain a definition for 'Length' and no accessible extension method 'Length' accepting a first argument of type 'int' could be found (are you missing a using directive or an assembly reference?) [C:\laragon\www\jamakol-desktop-app\JamakolAstrology\JamakolAstrology\JamakolAstrology_mibz3jnt_wpftmp.csproj]
C:\laragon\www\jamakol-desktop-app\JamakolAstrology\JamakolAstrology\MainWindow.xaml.cs(323,60): error CS0021: Cannot apply indexing with [] to an expression of type 'int' [C:\laragon\www\jamakol-desktop-app\JamakolAstrology\JamakolAstrology\JamakolAstrology_mibz3jnt_wpftmp.csproj]
C:\laragon\www\jamakol-desktop-app\JamakolAstrology\JamakolAstrology\MainWindow.xaml.cs(324,39): error CS1061: 'int' does not contain a definition for 'Length' and no accessible extension method 'Length' accepting a first argument of type 'int' could be found (are you missing a using directive or an assembly reference?) [C:\laragon\www\jamakol-desktop-app\JamakolAstrology\JamakolAstrology\JamakolAstrology_mibz3jnt_wpftmp.csproj]
C:\laragon\www\jamakol-desktop-app\JamakolAstrology\JamakolAstrology\MainWindow.xaml.cs(324,62): error CS0021: Cannot apply indexing with [] to an expression of type 'int' [C:\laragon\www\jamakol-desktop-app\JamakolAstrology\JamakolAstrology\JamakolAstrology_mibz3jnt_wpftmp.csproj]
C:\laragon\www\jamakol-desktop-app\JamakolAstrology\JamakolAstrology\MainWindow.xaml.cs(325,39): error CS1061: 'int' does not contain a definition for 'Length' and no accessible extension method 'Length' accepting a first argument of type 'int' could be found (are you missing a using directive or an assembly reference?) [C:\laragon\www\jamakol-desktop-app\JamakolAstrology\JamakolAstrology\JamakolAstrology_mibz3jnt_wpftmp.csproj]
C:\laragon\www\jamakol-desktop-app\JamakolAstrology\JamakolAstrology\MainWindow.xaml.cs(325,62): error CS0021: Cannot apply indexing with [] to an expression of type 'int' [C:\laragon\www\jamakol-desktop-app\JamakolAstrology\JamakolAstrology\JamakolAstrology_mibz3jnt_wpftmp.csproj]
C:\laragon\www\jamakol-desktop-app\JamakolAstrology\JamakolAstrology\MainWindow.xaml.cs(330,20): error CS0103: The name 'JamakolNameInput' does not exist in the current context [C:\laragon\www\jamakol-desktop-app\JamakolAstrology\JamakolAstrology\JamakolAstrology_mibz3jnt_wpftmp.csproj]
C:\laragon\www\jamakol-desktop-app\JamakolAstrology\JamakolAstrology\MainWindow.xaml.cs(332,37): error CS0103: The name 'JamakolLatInput' does not exist in the current context [C:\laragon\www\jamakol-desktop-app\JamakolAstrology\JamakolAstrology\JamakolAstrology_mibz3jnt_wpftmp.csproj]
C:\laragon\www\jamakol-desktop-app\JamakolAstrology\JamakolAstrology\MainWindow.xaml.cs(333,38): error CS0103: The name 'JamakolLongInput' does not exist in the current context [C:\laragon\www\jamakol-desktop-app\JamakolAstrology\JamakolAstrology\JamakolAstrology_mibz3jnt_wpftmp.csproj]
C:\laragon\www\jamakol-desktop-app\JamakolAstrology\JamakolAstrology\MainWindow.xaml.cs(335,43): error CS0103: The name 'JamakolTzInput' does not exist in the current context [C:\laragon\www\jamakol-desktop-app\JamakolAstrology\JamakolAstrology\JamakolAstrology_mibz3jnt_wpftmp.csproj]
C:\laragon\www\jamakol-desktop-app\JamakolAstrology\JamakolAstrology\MainWindow.xaml.cs(398,9): error CS0103: The name 'JamakolStatusText' does not exist in the current context [C:\laragon\www\jamakol-desktop-app\JamakolAstrology\JamakolAstrology\JamakolAstrology_mibz3jnt_wpftmp.csproj]
C:\laragon\www\jamakol-desktop-app\JamakolAstrology\JamakolAstrology\MainWindow.xaml.cs(476,31): error CS0103: The name 'JamakolDateInput' does not exist in the current context [C:\laragon\www\jamakol-desktop-app\JamakolAstrology\JamakolAstrology\JamakolAstrology_mibz3jnt_wpftmp.csproj]
C:\laragon\www\jamakol-desktop-app\JamakolAstrology\JamakolAstrology\MainWindow.xaml.cs(477,36): error CS0103: The name 'JamakolTimeInput' does not exist in the current context [C:\laragon\www\jamakol-desktop-app\JamakolAstrology\JamakolAstrology\JamakolAstrology_mibz3jnt_wpftmp.csproj]
C:\laragon\www\jamakol-desktop-app\JamakolAstrology\JamakolAstrology\MainWindow.xaml.cs(478,41): error CS1061: 'int' does not contain a definition for 'Length' and no accessible extension method 'Length' accepting a first argument of type 'int' could be found (are you missing a using directive or an assembly reference?) [C:\laragon\www\jamakol-desktop-app\JamakolAstrology\JamakolAstrology\JamakolAstrology_mibz3jnt_wpftmp.csproj]
C:\laragon\www\jamakol-desktop-app\JamakolAstrology\JamakolAstrology\MainWindow.xaml.cs(478,64): error CS0021: Cannot apply indexing with [] to an expression of type 'int' [C:\laragon\www\jamakol-desktop-app\JamakolAstrology\JamakolAstrology\JamakolAstrology_mibz3jnt_wpftmp.csproj]
C:\laragon\www\jamakol-desktop-app\JamakolAstrology\JamakolAstrology\MainWindow.xaml.cs(479,43): error CS1061: 'int' does not contain a definition for 'Length' and no accessible extension method 'Length' accepting a first argument of type 'int' could be found (are you missing a using directive or an assembly reference?) [C:\laragon\www\jamakol-desktop-app\JamakolAstrology\JamakolAstrology\JamakolAstrology_mibz3jnt_wpftmp.csproj]
C:\laragon\www\jamakol-desktop-app\JamakolAstrology\JamakolAstrology\MainWindow.xaml.cs(479,66): error CS0021: Cannot apply indexing with [] to an expression of type 'int' [C:\laragon\www\jamakol-desktop-app\JamakolAstrology\JamakolAstrology\JamakolAstrology_mibz3jnt_wpftmp.csproj]
C:\laragon\www\jamakol-desktop-app\JamakolAstrology\JamakolAstrology\MainWindow.xaml.cs(480,43): error CS1061: 'int' does not contain a definition for 'Length' and no accessible extension method 'Length' accepting a first argument of type 'int' could be found (are you missing a using directive or an assembly reference?) [C:\laragon\www\jamakol-desktop-app\JamakolAstrology\JamakolAstrology\JamakolAstrology_mibz3jnt_wpftmp.csproj]
C:\laragon\www\jamakol-desktop-app\JamakolAstrology\JamakolAstrology\MainWindow.xaml.cs(480,66): error CS0021: Cannot apply indexing with [] to an expression of type 'int' [C:\laragon\www\jamakol-desktop-app\JamakolAstrology\JamakolAstrology\JamakolAstrology_mibz3jnt_wpftmp.csproj]
C:\laragon\www\jamakol-desktop-app\JamakolAstrology\JamakolAstrology\MainWindow.xaml.cs(486,24): error CS0103: The name 'JamakolNameInput' does not exist in the current context [C:\laragon\www\jamakol-desktop-app\JamakolAstrology\JamakolAstrology\JamakolAstrology_mibz3jnt_wpftmp.csproj]
C:\laragon\www\jamakol-desktop-app\JamakolAstrology\JamakolAstrology\MainWindow.xaml.cs(488,41): error CS0103: The name 'JamakolLatInput' does not exist in the current context [C:\laragon\www\jamakol-desktop-app\JamakolAstrology\JamakolAstrology\JamakolAstrology_mibz3jnt_wpftmp.csproj]
C:\laragon\www\jamakol-desktop-app\JamakolAstrology\JamakolAstrology\MainWindow.xaml.cs(489,42): error CS0103: The name 'JamakolLongInput' does not exist in the current context [C:\laragon\www\jamakol-desktop-app\JamakolAstrology\JamakolAstrology\JamakolAstrology_mibz3jnt_wpftmp.csproj]
C:\laragon\www\jamakol-desktop-app\JamakolAstrology\JamakolAstrology\MainWindow.xaml.cs(490,41): error CS0103: The name 'JamakolTzInput' does not exist in the current context [C:\laragon\www\jamakol-desktop-app\JamakolAstrology\JamakolAstrology\JamakolAstrology_mibz3jnt_wpftmp.csproj]
C:\laragon\www\jamakol-desktop-app\JamakolAstrology\JamakolAstrology\MainWindow.xaml.cs(504,17): error CS0103: The name 'JamakolStatusText' does not exist in the current context [C:\laragon\www\jamakol-desktop-app\JamakolAstrology\JamakolAstrology\JamakolAstrology_mibz3jnt_wpftmp.csproj]
C:\laragon\www\jamakol-desktop-app\JamakolAstrology\JamakolAstrology\MainWindow.xaml.cs(524,17): error CS0103: The name 'JamakolNameInput' does not exist in the current context [C:\laragon\www\jamakol-desktop-app\JamakolAstrology\JamakolAstrology\JamakolAstrology_mibz3jnt_wpftmp.csproj]
C:\laragon\www\jamakol-desktop-app\JamakolAstrology\JamakolAstrology\MainWindow.xaml.cs(525,17): error CS0103: The name 'JamakolDateInput' does not exist in the current context [C:\laragon\www\jamakol-desktop-app\JamakolAstrology\JamakolAstrology\JamakolAstrology_mibz3jnt_wpftmp.csproj]
C:\laragon\www\jamakol-desktop-app\JamakolAstrology\JamakolAstrology\MainWindow.xaml.cs(526,17): error CS0103: The name 'JamakolTimeInput' does not exist in the current context [C:\laragon\www\jamakol-desktop-app\JamakolAstrology\JamakolAstrology\JamakolAstrology_mibz3jnt_wpftmp.csproj]
C:\laragon\www\jamakol-desktop-app\JamakolAstrology\JamakolAstrology\MainWindow.xaml.cs(527,17): error CS0103: The name 'JamakolLatInput' does not exist in the current context [C:\laragon\www\jamakol-desktop-app\JamakolAstrology\JamakolAstrology\JamakolAstrology_mibz3jnt_wpftmp.csproj]
C:\laragon\www\jamakol-desktop-app\JamakolAstrology\JamakolAstrology\MainWindow.xaml.cs(528,17): error CS0103: The name 'JamakolLongInput' does not exist in the current context [C:\laragon\www\jamakol-desktop-app\JamakolAstrology\JamakolAstrology\JamakolAstrology_mibz3jnt_wpftmp.csproj]
C:\laragon\www\jamakol-desktop-app\JamakolAstrology\JamakolAstrology\MainWindow.xaml.cs(529,17): error CS0103: The name 'JamakolTzInput' does not exist in the current context [C:\laragon\www\jamakol-desktop-app\JamakolAstrology\JamakolAstrology\JamakolAstrology_mibz3jnt_wpftmp.csproj]
C:\laragon\www\jamakol-desktop-app\JamakolAstrology\JamakolAstrology\MainWindow.xaml.cs(533,17): error CS0103: The name 'JamakolStatusText' does not exist in the current context [C:\laragon\www\jamakol-desktop-app\JamakolAstrology\JamakolAstrology\JamakolAstrology_mibz3jnt_wpftmp.csproj]
C:\laragon\www\jamakol-desktop-app\JamakolAstrology\JamakolAstrology\MainWindow.xaml.cs(698,13): error CS0103: The name 'JamakolInputPanel' does not exist in the current context [C:\laragon\www\jamakol-desktop-app\JamakolAstrology\JamakolAstrology\JamakolAstrology_mibz3jnt_wpftmp.csproj]
C:\laragon\www\jamakol-desktop-app\JamakolAstrology\JamakolAstrology\MainWindow.xaml.cs(700,36): error CS0103: The name 'JamakolInputPanel' does not exist in the current context [C:\laragon\www\jamakol-desktop-app\JamakolAstrology\JamakolAstrology\JamakolAstrology_mibz3jnt_wpftmp.csproj]

Build FAILED.

C:\laragon\www\jamakol-desktop-app\JamakolAstrology\JamakolAstrology\MainWindow.xaml.cs(56,9): error CS0103: The name 'JamakolDateInput' does not exist in the current context [C:\laragon\www\jamakol-desktop-app\JamakolAstrology\JamakolAstrology\JamakolAstrology_mibz3jnt_wpftmp.csproj]
C:\laragon\www\jamakol-desktop-app\JamakolAstrology\JamakolAstrology\MainWindow.xaml.cs(57,9): error CS0103: The name 'JamakolTimeInput' does not exist in the current context [C:\laragon\www\jamakol-desktop-app\JamakolAstrology\JamakolAstrology\JamakolAstrology_mibz3jnt_wpftmp.csproj]
C:\laragon\www\jamakol-desktop-app\JamakolAstrology\JamakolAstrology\MainWindow.xaml.cs(249,13): error CS0103: The name 'JamakolStatusText' does not exist in the current context [C:\laragon\www\jamakol-desktop-app\JamakolAstrology\JamakolAstrology\JamakolAstrology_mibz3jnt_wpftmp.csproj]
C:\laragon\www\jamakol-desktop-app\JamakolAstrology\JamakolAstrology\MainWindow.xaml.cs(261,13): error CS0103: The name 'JamakolDateInput' does not exist in the current context [C:\laragon\www\jamakol-desktop-app\JamakolAstrology\JamakolAstrology\JamakolAstrology_mibz3jnt_wpftmp.csproj]
C:\laragon\www\jamakol-desktop-app\JamakolAstrology\JamakolAstrology\MainWindow.xaml.cs(262,13): error CS0103: The name 'JamakolTimeInput' does not exist in the current context [C:\laragon\www\jamakol-desktop-app\JamakolAstrology\JamakolAstrology\JamakolAstrology_mibz3jnt_wpftmp.csproj]
C:\laragon\www\jamakol-desktop-app\JamakolAstrology\JamakolAstrology\MainWindow.xaml.cs(269,13): error CS0103: The name 'JamakolStatusText' does not exist in the current context [C:\laragon\www\jamakol-desktop-app\JamakolAstrology\JamakolAstrology\JamakolAstrology_mibz3jnt_wpftmp.csproj]
C:\laragon\www\jamakol-desktop-app\JamakolAstrology\JamakolAstrology\MainWindow.xaml.cs(286,13): error CS0103: The name 'JamakolStartStopButton' does not exist in the current context [C:\laragon\www\jamakol-desktop-app\JamakolAstrology\JamakolAstrology\JamakolAstrology_mibz3jnt_wpftmp.csproj]
C:\laragon\www\jamakol-desktop-app\JamakolAstrology\JamakolAstrology\MainWindow.xaml.cs(287,13): error CS0103: The name 'JamakolStartStopButton' does not exist in the current context [C:\laragon\www\jamakol-desktop-app\JamakolAstrology\JamakolAstrology\JamakolAstrology_mibz3jnt_wpftmp.csproj]
C:\laragon\www\jamakol-desktop-app\JamakolAstrology\JamakolAstrology\MainWindow.xaml.cs(297,13): error CS0103: The name 'JamakolStartStopButton' does not exist in the current context [C:\laragon\www\jamakol-desktop-app\JamakolAstrology\JamakolAstrology\JamakolAstrology_mibz3jnt_wpftmp.csproj]
C:\laragon\www\jamakol-desktop-app\JamakolAstrology\JamakolAstrology\MainWindow.xaml.cs(298,13): error CS0103: The name 'JamakolStartStopButton' does not exist in the current context [C:\laragon\www\jamakol-desktop-app\JamakolAstrology\JamakolAstrology\JamakolAstrology_mibz3jnt_wpftmp.csproj]
C:\laragon\www\jamakol-desktop-app\JamakolAstrology\JamakolAstrology\MainWindow.xaml.cs(308,13): error CS0103: The name 'JamakolDateInput' does not exist in the current context [C:\laragon\www\jamakol-desktop-app\JamakolAstrology\JamakolAstrology\JamakolAstrology_mibz3jnt_wpftmp.csproj]
C:\laragon\www\jamakol-desktop-app\JamakolAstrology\JamakolAstrology\MainWindow.xaml.cs(309,13): error CS0103: The name 'JamakolTimeInput' does not exist in the current context [C:\laragon\www\jamakol-desktop-app\JamakolAstrology\JamakolAstrology\JamakolAstrology_mibz3jnt_wpftmp.csproj]
C:\laragon\www\jamakol-desktop-app\JamakolAstrology\JamakolAstrology\MainWindow.xaml.cs(321,27): error CS0103: The name 'JamakolDateInput' does not exist in the current context [C:\laragon\www\jamakol-desktop-app\JamakolAstrology\JamakolAstrology\JamakolAstrology_mibz3jnt_wpftmp.csproj]
C:\laragon\www\jamakol-desktop-app\JamakolAstrology\JamakolAstrology\MainWindow.xaml.cs(322,32): error CS0103: The name 'JamakolTimeInput' does not exist in the current context [C:\laragon\www\jamakol-desktop-app\JamakolAstrology\JamakolAstrology\JamakolAstrology_mibz3jnt_wpftmp.csproj]
C:\laragon\www\jamakol-desktop-app\JamakolAstrology\JamakolAstrology\MainWindow.xaml.cs(323,37): error CS1061: 'int' does not contain a definition for 'Length' and no accessible extension method 'Length' accepting a first argument of type 'int' could be found (are you missing a using directive or an assembly reference?) [C:\laragon\www\jamakol-desktop-app\JamakolAstrology\JamakolAstrology\JamakolAstrology_mibz3jnt_wpftmp.csproj]
C:\laragon\www\jamakol-desktop-app\JamakolAstrology\JamakolAstrology\MainWindow.xaml.cs(323,60): error CS0021: Cannot apply indexing with [] to an expression of type 'int' [C:\laragon\www\jamakol-desktop-app\JamakolAstrology\JamakolAstrology\JamakolAstrology_mibz3jnt_wpftmp.csproj]
C:\laragon\www\jamakol-desktop-app\JamakolAstrology\JamakolAstrology\MainWindow.xaml.cs(324,39): error CS1061: 'int' does not contain a definition for 'Length' and no accessible extension method 'Length' accepting a first argument of type 'int' could be found (are you missing a using directive or an assembly reference?) [C:\laragon\www\jamakol-desktop-app\JamakolAstrology\JamakolAstrology\JamakolAstrology_mibz3jnt_wpftmp.csproj]
C:\laragon\www\jamakol-desktop-app\JamakolAstrology\JamakolAstrology\MainWindow.xaml.cs(324,62): error CS0021: Cannot apply indexing with [] to an expression of type 'int' [C:\laragon\www\jamakol-desktop-app\JamakolAstrology\JamakolAstrology\JamakolAstrology_mibz3jnt_wpftmp.csproj]
C:\laragon\www\jamakol-desktop-app\JamakolAstrology\JamakolAstrology\MainWindow.xaml.cs(325,39): error CS1061: 'int' does not contain a definition for 'Length' and no accessible extension method 'Length' accepting a first argument of type 'int' could be found (are you missing a using directive or an assembly reference?) [C:\laragon\www\jamakol-desktop-app\JamakolAstrology\JamakolAstrology\JamakolAstrology_mibz3jnt_wpftmp.csproj]
C:\laragon\www\jamakol-desktop-app\JamakolAstrology\JamakolAstrology\MainWindow.xaml.cs(325,62): error CS0021: Cannot apply indexing with [] to an expression of type 'int' [C:\laragon\www\jamakol-desktop-app\JamakolAstrology\JamakolAstrology\JamakolAstrology_mibz3jnt_wpftmp.csproj]
C:\laragon\www\jamakol-desktop-app\JamakolAstrology\JamakolAstrology\MainWindow.xaml.cs(330,20): error CS0103: The name 'JamakolNameInput' does not exist in the current context [C:\laragon\www\jamakol-desktop-app\JamakolAstrology\JamakolAstrology\JamakolAstrology_mibz3jnt_wpftmp.csproj]
C:\laragon\www\jamakol-desktop-app\JamakolAstrology\JamakolAstrology\MainWindow.xaml.cs(332,37): error CS0103: The name 'JamakolLatInput' does not exist in the current context [C:\laragon\www\jamakol-desktop-app\JamakolAstrology\JamakolAstrology\JamakolAstrology_mibz3jnt_wpftmp.csproj]
C:\laragon\www\jamakol-desktop-app\JamakolAstrology\JamakolAstrology\MainWindow.xaml.cs(333,38): error CS0103: The name 'JamakolLongInput' does not exist in the current context [C:\laragon\www\jamakol-desktop-app\JamakolAstrology\JamakolAstrology\JamakolAstrology_mibz3jnt_wpftmp.csproj]
C:\laragon\www\jamakol-desktop-app\JamakolAstrology\JamakolAstrology\MainWindow.xaml.cs(335,43): error CS0103: The name 'JamakolTzInput' does not exist in the current context [C:\laragon\www\jamakol-desktop-app\JamakolAstrology\JamakolAstrology\JamakolAstrology_mibz3jnt_wpftmp.csproj]
C:\laragon\www\jamakol-desktop-app\JamakolAstrology\JamakolAstrology\MainWindow.xaml.cs(398,9): error CS0103: The name 'JamakolStatusText' does not exist in the current context [C:\laragon\www\jamakol-desktop-app\JamakolAstrology\JamakolAstrology\JamakolAstrology_mibz3jnt_wpftmp.csproj]
C:\laragon\www\jamakol-desktop-app\JamakolAstrology\JamakolAstrology\MainWindow.xaml.cs(476,31): error CS0103: The name 'JamakolDateInput' does not exist in the current context [C:\laragon\www\jamakol-desktop-app\JamakolAstrology\JamakolAstrology\JamakolAstrology_mibz3jnt_wpftmp.csproj]
C:\laragon\www\jamakol-desktop-app\JamakolAstrology\JamakolAstrology\MainWindow.xaml.cs(477,36): error CS0103: The name 'JamakolTimeInput' does not exist in the current context [C:\laragon\www\jamakol-desktop-app\JamakolAstrology\JamakolAstrology\JamakolAstrology_mibz3jnt_wpftmp.csproj]
C:\laragon\www\jamakol-desktop-app\JamakolAstrology\JamakolAstrology\MainWindow.xaml.cs(478,41): error CS1061: 'int' does not contain a definition for 'Length' and no accessible extension method 'Length' accepting a first argument of type 'int' could be found (are you missing a using directive or an assembly reference?) [C:\laragon\www\jamakol-desktop-app\JamakolAstrology\JamakolAstrology\JamakolAstrology_mibz3jnt_wpftmp.csproj]
C:\laragon\www\jamakol-desktop-app\JamakolAstrology\JamakolAstrology\MainWindow.xaml.cs(478,64): error CS0021: Cannot apply indexing with [] to an expression of type 'int' [C:\laragon\www\jamakol-desktop-app\JamakolAstrology\JamakolAstrology\JamakolAstrology_mibz3jnt_wpftmp.csproj]
C:\laragon\www\jamakol-desktop-app\JamakolAstrology\JamakolAstrology\MainWindow.xaml.cs(479,43): error CS1061: 'int' does not contain a definition for 'Length' and no accessible extension method 'Length' accepting a first argument of type 'int' could be found (are you missing a using directive or an assembly reference?) [C:\laragon\www\jamakol-desktop-app\JamakolAstrology\JamakolAstrology\JamakolAstrology_mibz3jnt_wpftmp.csproj]
C:\laragon\www\jamakol-desktop-app\JamakolAstrology\JamakolAstrology\MainWindow.xaml.cs(479,66): error CS0021: Cannot apply indexing with [] to an expression of type 'int' [C:\laragon\www\jamakol-desktop-app\JamakolAstrology\JamakolAstrology\JamakolAstrology_mibz3jnt_wpftmp.csproj]
C:\laragon\www\jamakol-desktop-app\JamakolAstrology\JamakolAstrology\MainWindow.xaml.cs(480,43): error CS1061: 'int' does not contain a definition for 'Length' and no accessible extension method 'Length' accepting a first argument of type 'int' could be found (are you missing a using directive or an assembly reference?) [C:\laragon\www\jamakol-desktop-app\JamakolAstrology\JamakolAstrology\JamakolAstrology_mibz3jnt_wpftmp.csproj]
C:\laragon\www\jamakol-desktop-app\JamakolAstrology\JamakolAstrology\MainWindow.xaml.cs(480,66): error CS0021: Cannot apply indexing with [] to an expression of type 'int' [C:\laragon\www\jamakol-desktop-app\JamakolAstrology\JamakolAstrology\JamakolAstrology_mibz3jnt_wpftmp.csproj]
C:\laragon\www\jamakol-desktop-app\JamakolAstrology\JamakolAstrology\MainWindow.xaml.cs(486,24): error CS0103: The name 'JamakolNameInput' does not exist in the current context [C:\laragon\www\jamakol-desktop-app\JamakolAstrology\JamakolAstrology\JamakolAstrology_mibz3jnt_wpftmp.csproj]
C:\laragon\www\jamakol-desktop-app\JamakolAstrology\JamakolAstrology\MainWindow.xaml.cs(488,41): error CS0103: The name 'JamakolLatInput' does not exist in the current context [C:\laragon\www\jamakol-desktop-app\JamakolAstrology\JamakolAstrology\JamakolAstrology_mibz3jnt_wpftmp.csproj]
C:\laragon\www\jamakol-desktop-app\JamakolAstrology\JamakolAstrology\MainWindow.xaml.cs(489,42): error CS0103: The name 'JamakolLongInput' does not exist in the current context [C:\laragon\www\jamakol-desktop-app\JamakolAstrology\JamakolAstrology\JamakolAstrology_mibz3jnt_wpftmp.csproj]
C:\laragon\www\jamakol-desktop-app\JamakolAstrology\JamakolAstrology\MainWindow.xaml.cs(490,41): error CS0103: The name 'JamakolTzInput' does not exist in the current context [C:\laragon\www\jamakol-desktop-app\JamakolAstrology\JamakolAstrology\JamakolAstrology_mibz3jnt_wpftmp.csproj]
C:\laragon\www\jamakol-desktop-app\JamakolAstrology\JamakolAstrology\MainWindow.xaml.cs(504,17): error CS0103: The name 'JamakolStatusText' does not exist in the current context [C:\laragon\www\jamakol-desktop-app\JamakolAstrology\JamakolAstrology\JamakolAstrology_mibz3jnt_wpftmp.csproj]
C:\laragon\www\jamakol-desktop-app\JamakolAstrology\JamakolAstrology\MainWindow.xaml.cs(524,17): error CS0103: The name 'JamakolNameInput' does not exist in the current context [C:\laragon\www\jamakol-desktop-app\JamakolAstrology\JamakolAstrology\JamakolAstrology_mibz3jnt_wpftmp.csproj]
C:\laragon\www\jamakol-desktop-app\JamakolAstrology\JamakolAstrology\MainWindow.xaml.cs(525,17): error CS0103: The name 'JamakolDateInput' does not exist in the current context [C:\laragon\www\jamakol-desktop-app\JamakolAstrology\JamakolAstrology\JamakolAstrology_mibz3jnt_wpftmp.csproj]
C:\laragon\www\jamakol-desktop-app\JamakolAstrology\JamakolAstrology\MainWindow.xaml.cs(526,17): error CS0103: The name 'JamakolTimeInput' does not exist in the current context [C:\laragon\www\jamakol-desktop-app\JamakolAstrology\JamakolAstrology\JamakolAstrology_mibz3jnt_wpftmp.csproj]
C:\laragon\www\jamakol-desktop-app\JamakolAstrology\JamakolAstrology\MainWindow.xaml.cs(527,17): error CS0103: The name 'JamakolLatInput' does not exist in the current context [C:\laragon\www\jamakol-desktop-app\JamakolAstrology\JamakolAstrology\JamakolAstrology_mibz3jnt_wpftmp.csproj]
C:\laragon\www\jamakol-desktop-app\JamakolAstrology\JamakolAstrology\MainWindow.xaml.cs(528,17): error CS0103: The name 'JamakolLongInput' does not exist in the current context [C:\laragon\www\jamakol-desktop-app\JamakolAstrology\JamakolAstrology\JamakolAstrology_mibz3jnt_wpftmp.csproj]
C:\laragon\www\jamakol-desktop-app\JamakolAstrology\JamakolAstrology\MainWindow.xaml.cs(529,17): error CS0103: The name 'JamakolTzInput' does not exist in the current context [C:\laragon\www\jamakol-desktop-app\JamakolAstrology\JamakolAstrology\JamakolAstrology_mibz3jnt_wpftmp.csproj]
C:\laragon\www\jamakol-desktop-app\JamakolAstrology\JamakolAstrology\MainWindow.xaml.cs(533,17): error CS0103: The name 'JamakolStatusText' does not exist in the current context [C:\laragon\www\jamakol-desktop-app\JamakolAstrology\JamakolAstrology\JamakolAstrology_mibz3jnt_wpftmp.csproj]
C:\laragon\www\jamakol-desktop-app\JamakolAstrology\JamakolAstrology\MainWindow.xaml.cs(698,13): error CS0103: The name 'JamakolInputPanel' does not exist in the current context [C:\laragon\www\jamakol-desktop-app\JamakolAstrology\JamakolAstrology\JamakolAstrology_mibz3jnt_wpftmp.csproj]
C:\laragon\www\jamakol-desktop-app\JamakolAstrology\JamakolAstrology\MainWindow.xaml.cs(700,36): error CS0103: The name 'JamakolInputPanel' does not exist in the current context [C:\laragon\www\jamakol-desktop-app\JamakolAstrology\JamakolAstrology\JamakolAstrology_mibz3jnt_wpftmp.csproj]
    0 Warning(s)
    47 Error(s)

Time Elapsed 00:00:01.11
